\BOOKMARK [1][-]{section.1}{Part 1}{}% 1
\BOOKMARK [2][-]{subsection.1.1}{Propositional Formulas: Syntax}{section.1}% 2
\BOOKMARK [2][-]{subsection.1.2}{Propositional Formulas: Semantics}{section.1}% 3
\BOOKMARK [2][-]{subsection.1.3}{Tautologies and Equivalence}{section.1}% 4
\BOOKMARK [2][-]{subsection.1.4}{Quiz 1}{section.1}% 5
\BOOKMARK [1][-]{section.2}{Part 2}{}% 6
\BOOKMARK [2][-]{subsection.2.1}{Adequate Sets of Connectives}{section.2}% 7
\BOOKMARK [2][-]{subsection.2.2}{Normal Forms}{section.2}% 8
\BOOKMARK [2][-]{subsection.2.3}{Satisfiability and Entailment}{section.2}% 9
\BOOKMARK [2][-]{subsection.2.4}{Clausification}{section.2}% 10
\BOOKMARK [2][-]{subsection.2.5}{Quiz 3}{section.2}% 11
\BOOKMARK [1][-]{section.3}{Part 3}{}% 12
\BOOKMARK [2][-]{subsection.3.1}{Positive Programs}{section.3}% 13
\BOOKMARK [2][-]{subsection.3.2}{Minimal Models}{section.3}% 14
\BOOKMARK [2][-]{subsection.3.3}{Quiz 4}{section.3}% 15
\BOOKMARK [2][-]{subsection.3.4}{Application: Graph Coloring}{section.3}% 16
\BOOKMARK [1][-]{section.4}{Part 4}{}% 17
\BOOKMARK [2][-]{subsection.4.1}{Logic Programs and Stable Models}{section.4}% 18
\BOOKMARK [1][-]{section.5}{Part 5}{}% 19
\BOOKMARK [2][-]{subsection.5.1}{Natural Deduction}{section.5}% 20
\BOOKMARK [2][-]{subsection.5.2}{Quiz 5}{section.5}% 21
